<?xml version="1.0" encoding="UTF-8"?>
<testsuite xmlns:xsi="http://www.w3.org/2001/XMLSchema-instance" xsi:schemaLocation="https://maven.apache.org/surefire/maven-surefire-plugin/xsd/surefire-test-report.xsd" name="TestSuite" time="133.656" tests="1" errors="0" skipped="0" failures="1">
  <properties>
[...]
</properties>
  <testcase name="test" classname="com.zmc.PayCase" time="81.369">
    <failure message="An element could not be located on the page using the given search parameters. (WARNING: The server did not provide any stacktrace information)&#10;Command duration or timeout: 136 milliseconds&#10;For documentation on this error, please visit: http://seleniumhq.org/exceptions/no_such_element.html&#10;Build info: version: &apos;3.0.1&apos;, revision: &apos;1969d75&apos;, time: &apos;2016-10-18 09:49:13 -0700&apos;&#10;System info: host: &apos;wangbingfeideMacBook-Pro.local&apos;, ip: &apos;192.168.22.194&apos;, os.name: &apos;Mac OS X&apos;, os.arch: &apos;x86_64&apos;, os.version: &apos;10.12.6&apos;, java.version: &apos;1.8.0_131&apos;&#10;Driver info: io.appium.java_client.android.AndroidDriver&#10;Capabilities [{app=/Users/wangbingfei/Downloads/app-zmall-release-1.1.0.apk, appPackage=com.isg.ZMall, deviceScreenSize=1440x2560, networkConnectionEnabled=true, warnings={}, databaseEnabled=false, deviceName=192.168.56.101:5555, platform=LINUX, deviceUDID=192.168.56.101:5555, appActivity=com.isg.mall.act.WelcomeAct, desired={app=/Users/wangbingfei/Downloads/app-zmall-release-1.1.0.apk, appPackage=com.isg.ZMall, appActivity=com.isg.mall.act.WelcomeAct, platformVersion=5.0, automationName=Appium, sessionOverride=true, unicodeKeyboard=true, platformName=Android, deviceName=192.168.56.101:5555, resetKeyboard=false}, platformVersion=5.0, webStorageEnabled=false, locationContextEnabled=false, automationName=Appium, takesScreenshot=true, javascriptEnabled=true, deviceModel=Clone - Samsung Galaxy S6 - 5.0.0 - API 21 - 1440x2560, sessionOverride=true, unicodeKeyboard=true, platformName=Android, deviceManufacturer=unknown, resetKeyboard=false}]&#10;Session ID: 14f8fe22-9209-4342-889f-6f327a3f1ce7&#10;*** Element info: {Using=xpath, value=/hierarchy/android.widget.FrameLayout/android.widget.LinearLayout/android.widget.FrameLayout/android.widget.LinearLayout/android.widget.FrameLayout/android.widget.FrameLayout/android.view.View/android.view.View/android.view.View/android.view.View[2]/android.view.View[1]/android.view.View/android.widget.ScrollView/android.view.View/android.view.View[2]/android.widget.TextView}" type="org.openqa.selenium.NoSuchElementException">org.openqa.selenium.NoSuchElementException: 
An element could not be located on the page using the given search parameters. (WARNING: The server did not provide any stacktrace information)
Command duration or timeout: 136 milliseconds
For documentation on this error, please visit: http://seleniumhq.org/exceptions/no_such_element.html
Build info: version: '3.0.1', revision: '1969d75', time: '2016-10-18 09:49:13 -0700'
System info: host: 'wangbingfeideMacBook-Pro.local', ip: '192.168.22.194', os.name: 'Mac OS X', os.arch: 'x86_64', os.version: '10.12.6', java.version: '1.8.0_131'
Driver info: io.appium.java_client.android.AndroidDriver
Capabilities [{app=/Users/wangbingfei/Downloads/app-zmall-release-1.1.0.apk, appPackage=com.isg.ZMall, deviceScreenSize=1440x2560, networkConnectionEnabled=true, warnings={}, databaseEnabled=false, deviceName=192.168.56.101:5555, platform=LINUX, deviceUDID=192.168.56.101:5555, appActivity=com.isg.mall.act.WelcomeAct, desired={app=/Users/wangbingfei/Downloads/app-zmall-release-1.1.0.apk, appPackage=com.isg.ZMall, appActivity=com.isg.mall.act.WelcomeAct, platformVersion=5.0, automationName=Appium, sessionOverride=true, unicodeKeyboard=true, platformName=Android, deviceName=192.168.56.101:5555, resetKeyboard=false}, platformVersion=5.0, webStorageEnabled=false, locationContextEnabled=false, automationName=Appium, takesScreenshot=true, javascriptEnabled=true, deviceModel=Clone - Samsung Galaxy S6 - 5.0.0 - API 21 - 1440x2560, sessionOverride=true, unicodeKeyboard=true, platformName=Android, deviceManufacturer=unknown, resetKeyboard=false}]
Session ID: 14f8fe22-9209-4342-889f-6f327a3f1ce7
*** Element info: {Using=xpath, value=/hierarchy/android.widget.FrameLayout/android.widget.LinearLayout/android.widget.FrameLayout/android.widget.LinearLayout/android.widget.FrameLayout/android.widget.FrameLayout/android.view.View/android.view.View/android.view.View/android.view.View[2]/android.view.View[1]/android.view.View/android.widget.ScrollView/android.view.View/android.view.View[2]/android.widget.TextView}
	at com.zmc.PayCase.androidTest(PayCase.java:95)
	at com.zmc.PayCase.test(PayCase.java:27)
</failure>
    <system-err><![CDATA[十二月 06, 2017 2:38:49 下午 org.openqa.selenium.remote.ProtocolHandshake createSession
信息: Attempting bi-dialect session, assuming Postel's Law holds true on the remote end
十二月 06, 2017 2:38:54 下午 org.openqa.selenium.remote.ProtocolHandshake createSession
信息: Detected dialect: OSS
]]></system-err>
  </testcase>
</testsuite>