<?xml version="1.0" encoding="UTF-8"?>
<testng-results skipped="0" failed="0" ignored="0" total="1" passed="1">
  <reporter-output>
  </reporter-output>
  <suite name="Default Suite" duration-ms="49664" started-at="2017-12-01T08:27:10Z" finished-at="2017-12-01T08:27:59Z">
    <groups>
    </groups>
    <test name="uitest" duration-ms="49664" started-at="2017-12-01T08:27:10Z" finished-at="2017-12-01T08:27:59Z">
      <class name="com.zmc.PayCase">
        <test-method status="PASS" signature="setUp()[pri:0, instance:com.zmc.PayCase@6276ae34]" name="setUp" is-config="true" duration-ms="5219" started-at="2017-12-01T16:27:10Z" finished-at="2017-12-01T16:27:15Z">
          <reporter-output>
          </reporter-output>
        </test-method> <!-- setUp -->
        <test-method status="PASS" signature="test()[pri:0, instance:com.zmc.PayCase@6276ae34]" name="test" duration-ms="43224" started-at="2017-12-01T16:27:15Z" finished-at="2017-12-01T16:27:58Z">
          <reporter-output>
          </reporter-output>
        </test-method> <!-- test -->
        <test-method status="PASS" signature="tearDown()[pri:0, instance:com.zmc.PayCase@6276ae34]" name="tearDown" is-config="true" duration-ms="1204" started-at="2017-12-01T16:27:58Z" finished-at="2017-12-01T16:27:59Z">
          <reporter-output>
          </reporter-output>
        </test-method> <!-- tearDown -->
      </class> <!-- com.zmc.PayCase -->
    </test> <!-- uitest -->
  </suite> <!-- Default Suite -->
</testng-results>
